<?xml version="1.0" encoding="UTF-8"?>
<!-- Generated by org.testng.reporters.JUnitXMLReporter -->
<testsuite ignored="1" hostname="IBASELH78" failures="0" tests="10" name="Login" time="227.114" errors="0" timestamp="2024-05-19T10:37:55 IST">
  <testcase classname="loginModule.GenericLogin" name="LoginData" time="15.701"/>
  <testcase classname="PlanTestCases.CreateNewPlan" name="createnewPlan" time="21.742"/>
  <testcase classname="PlanTestCases.CreateNewPlan" name="createnewPlan" time="24.137"/>
  <testcase classname="PlanTestCases.CreateNewPlan" name="createnewPlan" time="23.883"/>
  <testcase classname="PlanTestCases.CreateNewPlan" name="createnewPlan" time="24.489"/>
  <testcase classname="PlanTestCases.CreateNewPlan" name="createnewPlan" time="21.615"/>
  <testcase classname="PlanTestCases.CreateNewPlan" name="createnewPlan" time="23.008"/>
  <testcase classname="PlanTestCases.CreateNewPlan" name="createnewPlan" time="21.915"/>
  <testcase classname="PlanTestCases.CreateNewPlan" name="createnewPlan" time="23.853"/>
  <testcase classname="PlanTestCases.CreateNewPlan" name="createnewPlan" time="23.976"/>
  <testcase classname="loginModule.Webdrivers" name="@BeforeSuite setUpWebDriver" time="0.0">
    <ignored/>
  </testcase> <!-- @BeforeSuite setUpWebDriver -->
</testsuite> <!-- Login -->
