<?xml version="1.0" encoding="UTF-8"?>
<!-- Generated by org.testng.reporters.JUnitXMLReporter -->
<testsuite ignored="1" hostname="IBASELH78" failures="0" tests="2" name="RatesTesting" time="48.932" errors="0" timestamp="2024-08-10T22:10:05 IST">
  <testcase classname="loginModule.GenericLogin" name="LoginData" time="12.443"/>
  <testcase classname="PlanTestCases.CreateNewPlan" name="createnewPlan" time="33.47"/>
  <testcase classname="loginModule.Webdrivers" name="@BeforeSuite setUpWebDriver" time="0.0">
    <ignored/>
  </testcase> <!-- @BeforeSuite setUpWebDriver -->
</testsuite> <!-- RatesTesting -->
