<?xml version="1.0" encoding="UTF-8"?>
<!-- Generated by org.testng.reporters.JUnitXMLReporter -->
<testsuite ignored="1" hostname="IBASELH78" failures="0" tests="2" name="RatesTesting" time="66.564" errors="0" timestamp="2024-07-17T11:13:38 IST">
  <testcase classname="loginModule.GenericLogin" name="LoginData" time="21.787"/>
  <testcase classname="PlanTestCases.CreateNewPlan" name="createnewPlan" time="41.541"/>
  <testcase classname="loginModule.Webdrivers" name="@BeforeSuite setUpWebDriver" time="0.0">
    <ignored/>
  </testcase> <!-- @BeforeSuite setUpWebDriver -->
</testsuite> <!-- RatesTesting -->
